Traceback (most recent call last):
  File "/home/snamy78/miniconda3/envs/essay-master/bin/uvicorn", line 6, in <module>
    sys.exit(main())
             ^^^^^^
  File "/home/snamy78/miniconda3/envs/essay-master/lib/python3.12/site-packages/click/core.py", line 1514, in __call__
    return self.main(*args, **kwargs)
           ^^^^^^^^^^^^^^^^^^^^^^^^^^
  File "/home/snamy78/miniconda3/envs/essay-master/lib/python3.12/site-packages/click/core.py", line 1435, in main
    rv = self.invoke(ctx)
         ^^^^^^^^^^^^^^^^
  File "/home/snamy78/miniconda3/envs/essay-master/lib/python3.12/site-packages/click/core.py", line 1298, in invoke
    return ctx.invoke(self.callback, **ctx.params)
           ^^^^^^^^^^^^^^^^^^^^^^^^^^^^^^^^^^^^^^^
  File "/home/snamy78/miniconda3/envs/essay-master/lib/python3.12/site-packages/click/core.py", line 853, in invoke
    return callback(*args, **kwargs)
           ^^^^^^^^^^^^^^^^^^^^^^^^^
  File "/home/snamy78/miniconda3/envs/essay-master/lib/python3.12/site-packages/uvicorn/main.py", line 409, in main
    run(
  File "/home/snamy78/miniconda3/envs/essay-master/lib/python3.12/site-packages/uvicorn/main.py", line 575, in run
    server.run()
  File "/home/snamy78/miniconda3/envs/essay-master/lib/python3.12/site-packages/uvicorn/server.py", line 65, in run
    return asyncio.run(self.serve(sockets=sockets))
           ^^^^^^^^^^^^^^^^^^^^^^^^^^^^^^^^^^^^^^^^
  File "/home/snamy78/miniconda3/envs/essay-master/lib/python3.12/asyncio/runners.py", line 195, in run
    return runner.run(main)
           ^^^^^^^^^^^^^^^^
  File "/home/snamy78/miniconda3/envs/essay-master/lib/python3.12/asyncio/runners.py", line 118, in run
    return self._loop.run_until_complete(task)
           ^^^^^^^^^^^^^^^^^^^^^^^^^^^^^^^^^^^
  File "uvloop/loop.pyx", line 1518, in uvloop.loop.Loop.run_until_complete
  File "/home/snamy78/miniconda3/envs/essay-master/lib/python3.12/site-packages/uvicorn/server.py", line 69, in serve
    await self._serve(sockets)
  File "/home/snamy78/miniconda3/envs/essay-master/lib/python3.12/site-packages/uvicorn/server.py", line 76, in _serve
    config.load()
  File "/home/snamy78/miniconda3/envs/essay-master/lib/python3.12/site-packages/uvicorn/config.py", line 433, in load
    self.loaded_app = import_from_string(self.app)
                      ^^^^^^^^^^^^^^^^^^^^^^^^^^^^
  File "/home/snamy78/miniconda3/envs/essay-master/lib/python3.12/site-packages/uvicorn/importer.py", line 22, in import_from_string
    raise exc from None
  File "/home/snamy78/miniconda3/envs/essay-master/lib/python3.12/site-packages/uvicorn/importer.py", line 19, in import_from_string
    module = importlib.import_module(module_str)
             ^^^^^^^^^^^^^^^^^^^^^^^^^^^^^^^^^^^
  File "/home/snamy78/miniconda3/envs/essay-master/lib/python3.12/importlib/__init__.py", line 90, in import_module
    return _bootstrap._gcd_import(name[level:], package, level)
           ^^^^^^^^^^^^^^^^^^^^^^^^^^^^^^^^^^^^^^^^^^^^^^^^^^^^
  File "<frozen importlib._bootstrap>", line 1387, in _gcd_import
  File "<frozen importlib._bootstrap>", line 1360, in _find_and_load
  File "<frozen importlib._bootstrap>", line 1331, in _find_and_load_unlocked
  File "<frozen importlib._bootstrap>", line 935, in _load_unlocked
  File "<frozen importlib._bootstrap_external>", line 999, in exec_module
  File "<frozen importlib._bootstrap>", line 488, in _call_with_frames_removed
  File "/home/snamy78/essay-master-ai/backend/app/main.py", line 9, in <module>
    from backend.app.api.v1 import api_router as api_v1_router # V1 API 라우터를 임포트합니다.
    ^^^^^^^^^^^^^^^^^^^^^^^^^^^^^^^^^^^^^^^^^^^^^^^^^^^^^^^^^^
  File "/home/snamy78/essay-master-ai/backend/app/api/v1/__init__.py", line 9, in <module>
    from backend.app.api.v1.endpoints import (
  File "/home/snamy78/essay-master-ai/backend/app/api/v1/endpoints/__init__.py", line 3, in <module>
    from . import auth
  File "/home/snamy78/essay-master-ai/backend/app/api/v1/endpoints/auth.py", line 8, in <module>
    from app.api import deps # DB 세션 및 인증 의존성 임포트
    ^^^^^^^^^^^^^^^^^^^^^^^^
ModuleNotFoundError: No module named 'app'
ERROR conda.cli.main_run:execute(142): `conda run uvicorn backend.app.main:app --host 0.0.0.0 --port 8000 --log-level debug` failed. (See above for error)
